-------------------------------------------------------------------------------
Test set: com.ct.CustomerReportApplicationTests
-------------------------------------------------------------------------------
Tests run: 1, Failures: 0, Errors: 1, Skipped: 0, Time elapsed: 6.205 s <<< FAILURE! - in com.ct.CustomerReportApplicationTests
contextLoads  Time elapsed: 0.016 s  <<< ERROR!
java.lang.IllegalStateException: Failed to load ApplicationContext
Caused by: org.springframework.beans.factory.UnsatisfiedDependencyException: Error creating bean with name 'org.springframework.boot.autoconfigure.web.servlet.WebMvcAutoConfiguration$EnableWebMvcConfiguration': Unsatisfied dependency expressed through method 'setConfigurers' parameter 0; nested exception is org.springframework.beans.factory.UnsatisfiedDependencyException: Error creating bean with name 'org.springframework.security.config.annotation.web.configuration.OAuth2ClientConfiguration$OAuth2ClientWebMvcSecurityConfiguration': Unsatisfied dependency expressed through method 'setClientRegistrationRepository' parameter 0; nested exception is org.springframework.beans.factory.UnsatisfiedDependencyException: Error creating bean with name 'clientRegistrationRepository' defined in class path resource [org/springframework/boot/autoconfigure/security/oauth2/client/servlet/OAuth2ClientRegistrationRepositoryConfiguration.class]: Unsatisfied dependency expressed through method 'clientRegistrationRepository' parameter 0; nested exception is org.springframework.beans.factory.BeanCreationException: Error creating bean with name 'spring.security.oauth2.client-org.springframework.boot.autoconfigure.security.oauth2.client.OAuth2ClientProperties': Invocation of init method failed; nested exception is java.lang.IllegalStateException: Client id must not be empty.
Caused by: org.springframework.beans.factory.UnsatisfiedDependencyException: Error creating bean with name 'org.springframework.security.config.annotation.web.configuration.OAuth2ClientConfiguration$OAuth2ClientWebMvcSecurityConfiguration': Unsatisfied dependency expressed through method 'setClientRegistrationRepository' parameter 0; nested exception is org.springframework.beans.factory.UnsatisfiedDependencyException: Error creating bean with name 'clientRegistrationRepository' defined in class path resource [org/springframework/boot/autoconfigure/security/oauth2/client/servlet/OAuth2ClientRegistrationRepositoryConfiguration.class]: Unsatisfied dependency expressed through method 'clientRegistrationRepository' parameter 0; nested exception is org.springframework.beans.factory.BeanCreationException: Error creating bean with name 'spring.security.oauth2.client-org.springframework.boot.autoconfigure.security.oauth2.client.OAuth2ClientProperties': Invocation of init method failed; nested exception is java.lang.IllegalStateException: Client id must not be empty.
Caused by: org.springframework.beans.factory.UnsatisfiedDependencyException: Error creating bean with name 'clientRegistrationRepository' defined in class path resource [org/springframework/boot/autoconfigure/security/oauth2/client/servlet/OAuth2ClientRegistrationRepositoryConfiguration.class]: Unsatisfied dependency expressed through method 'clientRegistrationRepository' parameter 0; nested exception is org.springframework.beans.factory.BeanCreationException: Error creating bean with name 'spring.security.oauth2.client-org.springframework.boot.autoconfigure.security.oauth2.client.OAuth2ClientProperties': Invocation of init method failed; nested exception is java.lang.IllegalStateException: Client id must not be empty.
Caused by: org.springframework.beans.factory.BeanCreationException: Error creating bean with name 'spring.security.oauth2.client-org.springframework.boot.autoconfigure.security.oauth2.client.OAuth2ClientProperties': Invocation of init method failed; nested exception is java.lang.IllegalStateException: Client id must not be empty.
Caused by: java.lang.IllegalStateException: Client id must not be empty.

